0 info it worked if it ends with ok
1 verbose cli [ 'C:\\Program Files (x86)\\nodejs\\node.exe',
1 verbose cli   'C:\\Program Files (x86)\\nodejs\\node_modules\\npm\\bin\\npm-cli.js',
1 verbose cli   'install',
1 verbose cli   'runas',
1 verbose cli   '-g' ]
2 info using npm@3.10.10
3 info using node@v7.3.0
4 silly loadCurrentTree Starting
5 silly install loadCurrentTree
6 silly install readGlobalPackageData
7 silly fetchPackageMetaData runas
8 silly fetchNamedPackageData runas
9 silly mapToRegistry name runas
10 silly mapToRegistry using default registry
11 silly mapToRegistry registry https://registry.npmjs.org/
12 silly mapToRegistry data Result {
12 silly mapToRegistry   raw: 'runas',
12 silly mapToRegistry   scope: null,
12 silly mapToRegistry   escapedName: 'runas',
12 silly mapToRegistry   name: 'runas',
12 silly mapToRegistry   rawSpec: '',
12 silly mapToRegistry   spec: 'latest',
12 silly mapToRegistry   type: 'tag' }
13 silly mapToRegistry uri https://registry.npmjs.org/runas
14 verbose request uri https://registry.npmjs.org/runas
15 verbose request no auth needed
16 info attempt registry request try #1 at 11:02:54
17 verbose request id 061e225cebe832e1
18 verbose etag W/"58433d25-5852"
19 verbose lastModified Sat, 03 Dec 2016 21:46:13 GMT
20 http request GET https://registry.npmjs.org/runas
21 http 304 https://registry.npmjs.org/runas
22 verbose headers { date: 'Tue, 27 Dec 2016 08:02:55 GMT',
22 verbose headers   via: '1.1 varnish',
22 verbose headers   'cache-control': 'max-age=300',
22 verbose headers   etag: 'W/"58433d25-5852"',
22 verbose headers   age: '99',
22 verbose headers   connection: 'keep-alive',
22 verbose headers   'x-served-by': 'cache-bma7026-BMA',
22 verbose headers   'x-cache': 'HIT',
22 verbose headers   'x-cache-hits': '1',
22 verbose headers   'x-timer': 'S1482825775.201658,VS0,VE0',
22 verbose headers   vary: 'Accept-Encoding' }
23 silly get cb [ 304,
23 silly get   { date: 'Tue, 27 Dec 2016 08:02:55 GMT',
23 silly get     via: '1.1 varnish',
23 silly get     'cache-control': 'max-age=300',
23 silly get     etag: 'W/"58433d25-5852"',
23 silly get     age: '99',
23 silly get     connection: 'keep-alive',
23 silly get     'x-served-by': 'cache-bma7026-BMA',
23 silly get     'x-cache': 'HIT',
23 silly get     'x-cache-hits': '1',
23 silly get     'x-timer': 'S1482825775.201658,VS0,VE0',
23 silly get     vary: 'Accept-Encoding' } ]
24 verbose etag https://registry.npmjs.org/runas from cache
25 verbose get saving runas to C:\Users\alex\AppData\Roaming\npm-cache\registry.npmjs.org\runas\.cache.json
26 verbose correctMkdir C:\Users\alex\AppData\Roaming\npm-cache correctMkdir not in flight; initializing
27 silly install normalizeTree
28 silly loadCurrentTree Finishing
29 silly loadIdealTree Starting
30 silly install loadIdealTree
31 silly cloneCurrentTree Starting
32 silly install cloneCurrentTreeToIdealTree
33 silly cloneCurrentTree Finishing
34 silly loadShrinkwrap Starting
35 silly install loadShrinkwrap
36 silly loadShrinkwrap Finishing
37 silly loadAllDepsIntoIdealTree Starting
38 silly install loadAllDepsIntoIdealTree
39 silly resolveWithNewModule runas@3.1.1 checking installable status
40 silly cache add args [ 'runas', null ]
41 verbose cache add spec runas
42 silly cache add parsed spec Result {
42 silly cache add   raw: 'runas',
42 silly cache add   scope: null,
42 silly cache add   escapedName: 'runas',
42 silly cache add   name: 'runas',
42 silly cache add   rawSpec: '',
42 silly cache add   spec: 'latest',
42 silly cache add   type: 'tag' }
43 silly addNamed runas@latest
44 verbose addNamed "latest" is being treated as a dist-tag for runas
45 info addNameTag [ 'runas', 'latest' ]
46 silly mapToRegistry name runas
47 silly mapToRegistry using default registry
48 silly mapToRegistry registry https://registry.npmjs.org/
49 silly mapToRegistry data Result {
49 silly mapToRegistry   raw: 'runas',
49 silly mapToRegistry   scope: null,
49 silly mapToRegistry   escapedName: 'runas',
49 silly mapToRegistry   name: 'runas',
49 silly mapToRegistry   rawSpec: '',
49 silly mapToRegistry   spec: 'latest',
49 silly mapToRegistry   type: 'tag' }
50 silly mapToRegistry uri https://registry.npmjs.org/runas
51 verbose addNameTag registry:https://registry.npmjs.org/runas not in flight; fetching
52 verbose get https://registry.npmjs.org/runas not expired, no request
53 silly addNameTag next cb for runas with tag latest
54 silly addNamed runas@3.1.1
55 verbose addNamed "3.1.1" is a plain semver version for runas
56 silly cache afterAdd runas@3.1.1
57 verbose afterAdd C:\Users\alex\AppData\Roaming\npm-cache\runas\3.1.1\package\package.json not in flight; writing
58 verbose correctMkdir C:\Users\alex\AppData\Roaming\npm-cache correctMkdir not in flight; initializing
59 verbose afterAdd C:\Users\alex\AppData\Roaming\npm-cache\runas\3.1.1\package\package.json written
60 silly fetchNamedPackageData nan
61 silly mapToRegistry name nan
62 silly mapToRegistry using default registry
63 silly mapToRegistry registry https://registry.npmjs.org/
64 silly mapToRegistry data Result {
64 silly mapToRegistry   raw: 'nan',
64 silly mapToRegistry   scope: null,
64 silly mapToRegistry   escapedName: 'nan',
64 silly mapToRegistry   name: 'nan',
64 silly mapToRegistry   rawSpec: '',
64 silly mapToRegistry   spec: 'latest',
64 silly mapToRegistry   type: 'tag' }
65 silly mapToRegistry uri https://registry.npmjs.org/nan
66 verbose request uri https://registry.npmjs.org/nan
67 verbose request no auth needed
68 info attempt registry request try #1 at 11:02:55
69 verbose etag W/"585acecf-1d7db"
70 verbose lastModified Wed, 21 Dec 2016 18:49:51 GMT
71 http request GET https://registry.npmjs.org/nan
72 http 304 https://registry.npmjs.org/nan
73 verbose headers { date: 'Tue, 27 Dec 2016 08:02:55 GMT',
73 verbose headers   via: '1.1 varnish',
73 verbose headers   'cache-control': 'max-age=300',
73 verbose headers   etag: 'W/"585acecf-1d7db"',
73 verbose headers   age: '97',
73 verbose headers   connection: 'keep-alive',
73 verbose headers   'x-served-by': 'cache-bma7026-BMA',
73 verbose headers   'x-cache': 'HIT',
73 verbose headers   'x-cache-hits': '2',
73 verbose headers   'x-timer': 'S1482825775.351179,VS0,VE0',
73 verbose headers   vary: 'Accept-Encoding' }
74 silly get cb [ 304,
74 silly get   { date: 'Tue, 27 Dec 2016 08:02:55 GMT',
74 silly get     via: '1.1 varnish',
74 silly get     'cache-control': 'max-age=300',
74 silly get     etag: 'W/"585acecf-1d7db"',
74 silly get     age: '97',
74 silly get     connection: 'keep-alive',
74 silly get     'x-served-by': 'cache-bma7026-BMA',
74 silly get     'x-cache': 'HIT',
74 silly get     'x-cache-hits': '2',
74 silly get     'x-timer': 'S1482825775.351179,VS0,VE0',
74 silly get     vary: 'Accept-Encoding' } ]
75 verbose etag https://registry.npmjs.org/nan from cache
76 verbose get saving nan to C:\Users\alex\AppData\Roaming\npm-cache\registry.npmjs.org\nan\.cache.json
77 verbose correctMkdir C:\Users\alex\AppData\Roaming\npm-cache correctMkdir not in flight; initializing
78 silly resolveWithNewModule nan@2.5.0 checking installable status
79 silly cache add args [ 'nan@2.x', null ]
80 verbose cache add spec nan@2.x
81 silly cache add parsed spec Result {
81 silly cache add   raw: 'nan@2.x',
81 silly cache add   scope: null,
81 silly cache add   escapedName: 'nan',
81 silly cache add   name: 'nan',
81 silly cache add   rawSpec: '2.x',
81 silly cache add   spec: '>=2.0.0 <3.0.0',
81 silly cache add   type: 'range' }
82 silly addNamed nan@>=2.0.0 <3.0.0
83 verbose addNamed ">=2.0.0 <3.0.0" is a valid semver range for nan
84 silly addNameRange { name: 'nan', range: '>=2.0.0 <3.0.0', hasData: false }
85 silly mapToRegistry name nan
86 silly mapToRegistry using default registry
87 silly mapToRegistry registry https://registry.npmjs.org/
88 silly mapToRegistry data Result {
88 silly mapToRegistry   raw: 'nan',
88 silly mapToRegistry   scope: null,
88 silly mapToRegistry   escapedName: 'nan',
88 silly mapToRegistry   name: 'nan',
88 silly mapToRegistry   rawSpec: '',
88 silly mapToRegistry   spec: 'latest',
88 silly mapToRegistry   type: 'tag' }
89 silly mapToRegistry uri https://registry.npmjs.org/nan
90 verbose addNameRange registry:https://registry.npmjs.org/nan not in flight; fetching
91 verbose get https://registry.npmjs.org/nan not expired, no request
92 silly addNameRange number 2 { name: 'nan', range: '>=2.0.0 <3.0.0', hasData: true }
93 silly addNameRange versions [ 'nan',
93 silly addNameRange   [ '0.3.0-wip',
93 silly addNameRange     '0.3.0-wip2',
93 silly addNameRange     '0.3.0',
93 silly addNameRange     '0.3.1',
93 silly addNameRange     '0.3.2',
93 silly addNameRange     '0.4.0',
93 silly addNameRange     '0.4.1',
93 silly addNameRange     '0.4.2',
93 silly addNameRange     '0.4.3',
93 silly addNameRange     '0.4.4',
93 silly addNameRange     '0.5.0',
93 silly addNameRange     '0.5.1',
93 silly addNameRange     '0.5.2',
93 silly addNameRange     '0.6.0',
93 silly addNameRange     '0.7.0',
93 silly addNameRange     '0.7.1',
93 silly addNameRange     '0.8.0',
93 silly addNameRange     '1.0.0',
93 silly addNameRange     '1.1.0',
93 silly addNameRange     '1.1.1',
93 silly addNameRange     '1.1.2',
93 silly addNameRange     '1.2.0',
93 silly addNameRange     '1.3.0',
93 silly addNameRange     '1.4.0',
93 silly addNameRange     '1.4.1',
93 silly addNameRange     '1.5.0',
93 silly addNameRange     '1.4.2',
93 silly addNameRange     '1.4.3',
93 silly addNameRange     '1.5.1',
93 silly addNameRange     '1.5.2',
93 silly addNameRange     '1.6.0',
93 silly addNameRange     '1.5.3',
93 silly addNameRange     '1.6.1',
93 silly addNameRange     '1.6.2',
93 silly addNameRange     '1.7.0',
93 silly addNameRange     '1.8.0',
93 silly addNameRange     '1.8.1',
93 silly addNameRange     '1.8.2',
93 silly addNameRange     '1.8.3',
93 silly addNameRange     '1.8.4',
93 silly addNameRange     '1.9.0',
93 silly addNameRange     '2.0.0',
93 silly addNameRange     '2.0.1',
93 silly addNameRange     '2.0.2',
93 silly addNameRange     '2.0.3',
93 silly addNameRange     '2.0.4',
93 silly addNameRange     '2.0.5',
93 silly addNameRange     '2.0.6',
93 silly addNameRange     '2.0.7',
93 silly addNameRange     '2.0.8',
93 silly addNameRange     '2.0.9',
93 silly addNameRange     '2.1.0',
93 silly addNameRange     '2.2.0',
93 silly addNameRange     '2.2.1',
93 silly addNameRange     '2.3.0',
93 silly addNameRange     '2.3.1',
93 silly addNameRange     '2.3.2',
93 silly addNameRange     '2.3.3',
93 silly addNameRange     '2.3.4',
93 silly addNameRange     '2.3.5',
93 silly addNameRange     '2.4.0',
93 silly addNameRange     '2.5.0' ] ]
94 silly addNamed nan@2.5.0
95 verbose addNamed "2.5.0" is a plain semver version for nan
96 silly cache afterAdd nan@2.5.0
97 verbose afterAdd C:\Users\alex\AppData\Roaming\npm-cache\nan\2.5.0\package\package.json not in flight; writing
98 verbose correctMkdir C:\Users\alex\AppData\Roaming\npm-cache correctMkdir not in flight; initializing
99 verbose afterAdd C:\Users\alex\AppData\Roaming\npm-cache\nan\2.5.0\package\package.json written
100 silly loadAllDepsIntoIdealTree Finishing
101 silly loadIdealTree Finishing
102 silly currentTree npm
103 silly idealTree npm
103 silly idealTree `-- runas@3.1.1
103 silly idealTree   `-- nan@2.5.0
104 silly generateActionsToTake Starting
105 silly install generateActionsToTake
106 silly generateActionsToTake Finishing
107 silly diffTrees action count 2
108 silly diffTrees add nan@2.5.0
109 silly diffTrees add runas@3.1.1
110 silly decomposeActions action count 16
111 silly decomposeActions fetch nan@2.5.0
112 silly decomposeActions extract nan@2.5.0
113 silly decomposeActions test nan@2.5.0
114 silly decomposeActions preinstall nan@2.5.0
115 silly decomposeActions build nan@2.5.0
116 silly decomposeActions install nan@2.5.0
117 silly decomposeActions postinstall nan@2.5.0
118 silly decomposeActions finalize nan@2.5.0
119 silly decomposeActions fetch runas@3.1.1
120 silly decomposeActions extract runas@3.1.1
121 silly decomposeActions test runas@3.1.1
122 silly decomposeActions preinstall runas@3.1.1
123 silly decomposeActions build runas@3.1.1
124 silly decomposeActions install runas@3.1.1
125 silly decomposeActions postinstall runas@3.1.1
126 silly decomposeActions finalize runas@3.1.1
127 silly runTopLevelLifecycles Starting
128 silly executeActions Starting
129 silly install executeActions
130 silly doSerial global-install 0
131 silly doParallel fetch 2
132 verbose correctMkdir C:\Users\alex\AppData\Roaming\npm-cache\_locks correctMkdir not in flight; initializing
133 verbose lock using C:\Users\alex\AppData\Roaming\npm-cache\_locks\staging-65b9ebef0bf01a04.lock for C:\Users\alex\AppData\Roaming\npm\node_modules\.staging
134 silly doParallel extract 2
135 silly extract nan@2.5.0
136 silly extract runas@3.1.1
137 verbose unbuild node_modules\.staging\nan-c4be2b3c
138 verbose unbuild node_modules\.staging\runas-024488bc
139 silly gentlyRm C:\Users\alex\AppData\Roaming\npm\node_modules\.staging\nan-c4be2b3c is being purged from base C:\Users\alex\AppData\Roaming\npm
140 verbose gentlyRm don't care about contents; nuking C:\Users\alex\AppData\Roaming\npm\node_modules\.staging\nan-c4be2b3c
141 silly gentlyRm C:\Users\alex\AppData\Roaming\npm\node_modules\.staging\runas-024488bc is being purged from base C:\Users\alex\AppData\Roaming\npm
142 verbose gentlyRm don't care about contents; nuking C:\Users\alex\AppData\Roaming\npm\node_modules\.staging\runas-024488bc
143 verbose tar unpack C:\Users\alex\AppData\Roaming\npm-cache\nan\2.5.0\package.tgz
144 verbose tar unpacking to C:\Users\alex\AppData\Roaming\npm\node_modules\.staging\nan-c4be2b3c
145 silly gentlyRm C:\Users\alex\AppData\Roaming\npm\node_modules\.staging\nan-c4be2b3c is being purged
146 verbose gentlyRm don't care about contents; nuking C:\Users\alex\AppData\Roaming\npm\node_modules\.staging\nan-c4be2b3c
147 verbose tar unpack C:\Users\alex\AppData\Roaming\npm-cache\runas\3.1.1\package.tgz
148 verbose tar unpacking to C:\Users\alex\AppData\Roaming\npm\node_modules\.staging\runas-024488bc
149 silly gentlyRm C:\Users\alex\AppData\Roaming\npm\node_modules\.staging\runas-024488bc is being purged
150 verbose gentlyRm don't care about contents; nuking C:\Users\alex\AppData\Roaming\npm\node_modules\.staging\runas-024488bc
151 silly gunzTarPerm modes [ '777', '666' ]
152 silly gunzTarPerm modes [ '777', '666' ]
153 silly gunzTarPerm extractEntry package.json
154 silly gunzTarPerm modified mode [ 'package.json', 436, 438 ]
155 silly gunzTarPerm extractEntry package.json
156 silly gunzTarPerm modified mode [ 'package.json', 420, 438 ]
157 silly gunzTarPerm extractEntry README.md
158 silly gunzTarPerm modified mode [ 'README.md', 436, 438 ]
159 silly gunzTarPerm extractEntry README.md
160 silly gunzTarPerm modified mode [ 'README.md', 420, 438 ]
161 silly gunzTarPerm extractEntry test.js
162 silly gunzTarPerm modified mode [ 'test.js', 420, 438 ]
163 silly gunzTarPerm extractEntry include_dirs.js
164 silly gunzTarPerm modified mode [ 'include_dirs.js', 436, 438 ]
165 silly gunzTarPerm extractEntry LICENSE.md
166 silly gunzTarPerm modified mode [ 'LICENSE.md', 420, 438 ]
167 silly gunzTarPerm extractEntry binding.gyp
168 silly gunzTarPerm modified mode [ 'binding.gyp', 420, 438 ]
169 silly gunzTarPerm extractEntry nan_converters.h
170 silly gunzTarPerm modified mode [ 'nan_converters.h', 436, 438 ]
171 silly gunzTarPerm extractEntry CHANGELOG.md
172 silly gunzTarPerm modified mode [ 'CHANGELOG.md', 436, 438 ]
173 silly gunzTarPerm extractEntry LICENSE.md
174 silly gunzTarPerm modified mode [ 'LICENSE.md', 436, 438 ]
175 silly gunzTarPerm extractEntry doc/node_misc.md
176 silly gunzTarPerm modified mode [ 'doc/node_misc.md', 436, 438 ]
177 silly gunzTarPerm extractEntry .travis.yml
178 silly gunzTarPerm modified mode [ '.travis.yml', 420, 438 ]
179 silly gunzTarPerm extractEntry lib/runas.js
180 silly gunzTarPerm modified mode [ 'lib/runas.js', 420, 438 ]
181 silly gunzTarPerm extractEntry doc/asyncworker.md
182 silly gunzTarPerm modified mode [ 'doc/asyncworker.md', 436, 438 ]
183 silly gunzTarPerm extractEntry doc/callback.md
184 silly gunzTarPerm modified mode [ 'doc/callback.md', 436, 438 ]
185 silly gunzTarPerm extractEntry src/fork.cc
186 silly gunzTarPerm modified mode [ 'src/fork.cc', 420, 438 ]
187 silly gunzTarPerm extractEntry src/fork.h
188 silly gunzTarPerm modified mode [ 'src/fork.h', 420, 438 ]
189 silly gunzTarPerm extractEntry doc/converters.md
190 silly gunzTarPerm modified mode [ 'doc/converters.md', 436, 438 ]
191 silly gunzTarPerm extractEntry doc/errors.md
192 silly gunzTarPerm modified mode [ 'doc/errors.md', 436, 438 ]
193 silly gunzTarPerm extractEntry src/main.cc
194 silly gunzTarPerm modified mode [ 'src/main.cc', 420, 438 ]
195 silly gunzTarPerm extractEntry src/runas.h
196 silly gunzTarPerm modified mode [ 'src/runas.h', 420, 438 ]
197 silly gunzTarPerm extractEntry src/runas_darwin.cc
198 silly gunzTarPerm modified mode [ 'src/runas_darwin.cc', 420, 438 ]
199 silly gunzTarPerm extractEntry doc/maybe_types.md
200 silly gunzTarPerm modified mode [ 'doc/maybe_types.md', 436, 438 ]
201 silly gunzTarPerm extractEntry doc/methods.md
202 silly gunzTarPerm modified mode [ 'doc/methods.md', 436, 438 ]
203 silly gunzTarPerm extractEntry doc/new.md
204 silly gunzTarPerm modified mode [ 'doc/new.md', 436, 438 ]
205 silly gunzTarPerm extractEntry src/runas_posix.cc
206 silly gunzTarPerm modified mode [ 'src/runas_posix.cc', 420, 438 ]
207 silly gunzTarPerm extractEntry src/runas_win.cc
208 silly gunzTarPerm modified mode [ 'src/runas_win.cc', 420, 438 ]
209 silly gunzTarPerm extractEntry doc/buffers.md
210 silly gunzTarPerm modified mode [ 'doc/buffers.md', 436, 438 ]
211 silly gunzTarPerm extractEntry doc/object_wrappers.md
212 silly gunzTarPerm modified mode [ 'doc/object_wrappers.md', 436, 438 ]
213 silly gunzTarPerm extractEntry doc/persistent.md
214 silly gunzTarPerm modified mode [ 'doc/persistent.md', 436, 438 ]
215 silly gunzTarPerm extractEntry doc/scopes.md
216 silly gunzTarPerm modified mode [ 'doc/scopes.md', 436, 438 ]
217 silly gunzTarPerm extractEntry doc/script.md
218 silly gunzTarPerm modified mode [ 'doc/script.md', 436, 438 ]
219 silly gunzTarPerm extractEntry doc/string_bytes.md
220 silly gunzTarPerm modified mode [ 'doc/string_bytes.md', 436, 438 ]
221 silly gunzTarPerm extractEntry doc/v8_internals.md
222 silly gunzTarPerm modified mode [ 'doc/v8_internals.md', 436, 438 ]
223 silly gunzTarPerm extractEntry doc/v8_misc.md
224 silly gunzTarPerm modified mode [ 'doc/v8_misc.md', 436, 438 ]
225 silly gunzTarPerm extractEntry nan.h
226 silly gunzTarPerm modified mode [ 'nan.h', 436, 438 ]
227 silly gunzTarPerm extractEntry nan_callbacks.h
228 silly gunzTarPerm modified mode [ 'nan_callbacks.h', 436, 438 ]
229 silly gunzTarPerm extractEntry nan_callbacks_12_inl.h
230 silly gunzTarPerm modified mode [ 'nan_callbacks_12_inl.h', 436, 438 ]
231 silly gunzTarPerm extractEntry nan_callbacks_pre_12_inl.h
232 silly gunzTarPerm modified mode [ 'nan_callbacks_pre_12_inl.h', 436, 438 ]
233 silly gunzTarPerm extractEntry nan_converters_43_inl.h
234 silly gunzTarPerm modified mode [ 'nan_converters_43_inl.h', 436, 438 ]
235 silly gunzTarPerm extractEntry nan_converters_pre_43_inl.h
236 silly gunzTarPerm modified mode [ 'nan_converters_pre_43_inl.h', 436, 438 ]
237 silly gunzTarPerm extractEntry nan_implementation_12_inl.h
238 silly gunzTarPerm modified mode [ 'nan_implementation_12_inl.h', 436, 438 ]
239 silly gunzTarPerm extractEntry nan_implementation_pre_12_inl.h
240 silly gunzTarPerm modified mode [ 'nan_implementation_pre_12_inl.h', 436, 438 ]
241 silly gunzTarPerm extractEntry nan_maybe_43_inl.h
242 silly gunzTarPerm modified mode [ 'nan_maybe_43_inl.h', 436, 438 ]
243 silly gunzTarPerm extractEntry nan_maybe_pre_43_inl.h
244 silly gunzTarPerm modified mode [ 'nan_maybe_pre_43_inl.h', 436, 438 ]
245 silly gunzTarPerm extractEntry nan_new.h
246 silly gunzTarPerm modified mode [ 'nan_new.h', 436, 438 ]
247 silly gunzTarPerm extractEntry nan_object_wrap.h
248 silly gunzTarPerm modified mode [ 'nan_object_wrap.h', 436, 438 ]
249 silly gunzTarPerm extractEntry nan_persistent_12_inl.h
250 silly gunzTarPerm modified mode [ 'nan_persistent_12_inl.h', 436, 438 ]
251 silly gunzTarPerm extractEntry nan_persistent_pre_12_inl.h
252 silly gunzTarPerm modified mode [ 'nan_persistent_pre_12_inl.h', 436, 438 ]
253 silly gentlyRm C:\Users\alex\AppData\Roaming\npm\node_modules\.staging\runas-024488bc\node_modules is being purged
254 verbose gentlyRm don't care about contents; nuking C:\Users\alex\AppData\Roaming\npm\node_modules\.staging\runas-024488bc\node_modules
255 silly gunzTarPerm extractEntry nan_private.h
256 silly gunzTarPerm modified mode [ 'nan_private.h', 436, 438 ]
257 silly gunzTarPerm extractEntry nan_string_bytes.h
258 silly gunzTarPerm modified mode [ 'nan_string_bytes.h', 436, 438 ]
259 silly gunzTarPerm extractEntry nan_typedarray_contents.h
260 silly gunzTarPerm modified mode [ 'nan_typedarray_contents.h', 436, 438 ]
261 silly gunzTarPerm extractEntry nan_weak.h
262 silly gunzTarPerm modified mode [ 'nan_weak.h', 436, 438 ]
263 silly gunzTarPerm extractEntry tools/package.json
264 silly gunzTarPerm modified mode [ 'tools/package.json', 436, 438 ]
265 silly gunzTarPerm extractEntry tools/README.md
266 silly gunzTarPerm modified mode [ 'tools/README.md', 436, 438 ]
267 silly gunzTarPerm extractEntry tools/1to2.js
268 silly gunzTarPerm modified mode [ 'tools/1to2.js', 509, 511 ]
269 silly gentlyRm C:\Users\alex\AppData\Roaming\npm\node_modules\.staging\nan-c4be2b3c\node_modules is being purged
270 verbose gentlyRm don't care about contents; nuking C:\Users\alex\AppData\Roaming\npm\node_modules\.staging\nan-c4be2b3c\node_modules
271 silly doParallel preinstall 2
272 silly preinstall nan@2.5.0 C:\Users\alex\AppData\Roaming\npm\node_modules\.staging\nan-c4be2b3c
273 info lifecycle nan@2.5.0~preinstall: nan@2.5.0
274 silly preinstall runas@3.1.1 C:\Users\alex\AppData\Roaming\npm\node_modules\.staging\runas-024488bc
275 info lifecycle runas@3.1.1~preinstall: runas@3.1.1
276 silly lifecycle nan@2.5.0~preinstall: no script for preinstall, continuing
277 silly lifecycle runas@3.1.1~preinstall: no script for preinstall, continuing
278 silly doReverseSerial remove 0
279 silly doSerial move 0
280 silly doSerial finalize 2
281 silly finalize C:\Users\alex\AppData\Roaming\npm\node_modules\runas\node_modules\nan
282 silly finalize C:\Users\alex\AppData\Roaming\npm\node_modules\runas
283 silly doSerial build 2
284 silly build nan@2.5.0
285 info linkStuff nan@2.5.0
286 silly linkStuff nan@2.5.0 has C:\Users\alex\AppData\Roaming\npm\node_modules\runas\node_modules as its parent node_modules
287 silly linkStuff nan@2.5.0 is part of a global install
288 silly linkStuff nan@2.5.0 is installed into a global node_modules
289 verbose linkBins nan@2.5.0
290 verbose linkMans nan@2.5.0
291 silly build runas@3.1.1
292 info linkStuff runas@3.1.1
293 silly linkStuff runas@3.1.1 has C:\Users\alex\AppData\Roaming\npm\node_modules as its parent node_modules
294 silly linkStuff runas@3.1.1 is part of a global install
295 silly linkStuff runas@3.1.1 is installed into a global node_modules
296 silly linkStuff runas@3.1.1 is installed into the top-level global node_modules
297 verbose linkBins runas@3.1.1
298 verbose linkMans runas@3.1.1
299 silly doSerial global-link 0
300 silly doParallel update-linked 0
301 silly doSerial install 2
302 silly install nan@2.5.0 C:\Users\alex\AppData\Roaming\npm\node_modules\.staging\nan-c4be2b3c
303 info lifecycle nan@2.5.0~install: nan@2.5.0
304 silly lifecycle nan@2.5.0~install: no script for install, continuing
305 silly install runas@3.1.1 C:\Users\alex\AppData\Roaming\npm\node_modules\.staging\runas-024488bc
306 info lifecycle runas@3.1.1~install: runas@3.1.1
307 verbose lifecycle runas@3.1.1~install: unsafe-perm in lifecycle true
308 verbose lifecycle runas@3.1.1~install: PATH: C:\Program Files (x86)\nodejs\node_modules\npm\bin\node-gyp-bin;C:\Users\alex\AppData\Roaming\npm\node_modules\runas\node_modules\.bin;C:\Users\alex\AppData\Roaming\npm\node_modules\.bin;C:\Users\alex\bin;C:\Program Files\Git\mingw64\bin;C:\Program Files\Git\usr\local\bin;C:\Program Files\Git\usr\bin;C:\Program Files\Git\usr\bin;C:\Program Files\Git\mingw64\bin;C:\Program Files\Git\usr\bin;C:\Users\alex\bin;C:\ProgramData\Oracle\Java\javapath;C:\Program Files (x86)\Intel\iCLS Client;C:\Program Files\Intel\iCLS Client;C:\Windows\system32;C:\Windows;C:\Windows\System32\Wbem;C:\Windows\System32\WindowsPowerShell\v1.0;C:\Program Files\Intel\Intel(R) Management Engine Components\DAL;C:\Program Files\Intel\Intel(R) Management Engine Components\IPT;C:\Program Files (x86)\Intel\Intel(R) Management Engine Components\DAL;C:\Program Files (x86)\Intel\Intel(R) Management Engine Components\IPT;C:\Program Files (x86)\Intel\OpenCL SDK\2.0\bin\x86;C:\Program Files (x86)\Intel\OpenCL SDK\2.0\bin\x64;C:\Program Files (x86)\Lua\5.1;C:\Program Files (x86)\Lua\5.1\clibs;C:\Program Files (x86)\Skype\Phone;D:\Program Files\OpenVPN\bin;C:\Program Files\Git\cmd;C:\Program Files (x86)\nodejs;C:\Users\alex\AppData\Local\atom\bin;C:\Users\alex\AppData\Roaming\npm;C:\Program Files\Git\usr\bin\vendor_perl;C:\Program Files\Git\usr\bin\core_perl
309 verbose lifecycle runas@3.1.1~install: CWD: C:\Users\alex\AppData\Roaming\npm\node_modules\runas
310 silly lifecycle runas@3.1.1~install: Args: [ '/d /s /c', 'node-gyp rebuild' ]
311 silly lifecycle runas@3.1.1~install: Returned: code: 1  signal: null
312 info lifecycle runas@3.1.1~install: Failed to exec install script
313 verbose unlock done using C:\Users\alex\AppData\Roaming\npm-cache\_locks\staging-65b9ebef0bf01a04.lock for C:\Users\alex\AppData\Roaming\npm\node_modules\.staging
314 silly rollbackFailedOptional Starting
315 silly rollbackFailedOptional Finishing
316 silly runTopLevelLifecycles Finishing
317 silly install printInstalled
318 verbose stack Error: runas@3.1.1 install: `node-gyp rebuild`
318 verbose stack Exit status 1
318 verbose stack     at EventEmitter.<anonymous> (C:\Program Files (x86)\nodejs\node_modules\npm\lib\utils\lifecycle.js:255:16)
318 verbose stack     at emitTwo (events.js:106:13)
318 verbose stack     at EventEmitter.emit (events.js:191:7)
318 verbose stack     at ChildProcess.<anonymous> (C:\Program Files (x86)\nodejs\node_modules\npm\lib\utils\spawn.js:40:14)
318 verbose stack     at emitTwo (events.js:106:13)
318 verbose stack     at ChildProcess.emit (events.js:191:7)
318 verbose stack     at maybeClose (internal/child_process.js:885:16)
318 verbose stack     at Process.ChildProcess._handle.onexit (internal/child_process.js:226:5)
319 verbose pkgid runas@3.1.1
320 verbose cwd C:\Users\alex\.atom\packages\smartcsv
321 error Windows_NT 6.1.7601
322 error argv "C:\\Program Files (x86)\\nodejs\\node.exe" "C:\\Program Files (x86)\\nodejs\\node_modules\\npm\\bin\\npm-cli.js" "install" "runas" "-g"
323 error node v7.3.0
324 error npm  v3.10.10
325 error code ELIFECYCLE
326 error runas@3.1.1 install: `node-gyp rebuild`
326 error Exit status 1
327 error Failed at the runas@3.1.1 install script 'node-gyp rebuild'.
327 error Make sure you have the latest version of node.js and npm installed.
327 error If you do, this is most likely a problem with the runas package,
327 error not with npm itself.
327 error Tell the author that this fails on your system:
327 error     node-gyp rebuild
327 error You can get information on how to open an issue for this project with:
327 error     npm bugs runas
327 error Or if that isn't available, you can get their info via:
327 error     npm owner ls runas
327 error There is likely additional logging output above.
328 verbose exit [ 1, true ]
